Dec 04, 2025 1:38:34 AM com.revature.Main main
INFO: Application started.
Dec 04, 2025 1:38:34 AM com.revature.dao.ExpenseReportDAOImpl <clinit>
INFO: Database URL set to: jdbc:sqlite:C:\Users\balex\Desktop\P0\revature_expense.db
Dec 04, 2025 1:38:34 AM com.revature.ui.Menu showMenu
INFO: Showing login menu.
Dec 04, 2025 1:38:38 AM com.revature.ui.Menu showMenu
INFO: Login successful for user: eric
Dec 04, 2025 1:38:38 AM com.revature.ui.Menu showMenu
INFO: Entering selection menu.
Dec 04, 2025 1:38:50 AM com.revature.ui.Menu selectionMenu
INFO: User selected menu option: 1
Dec 04, 2025 1:38:50 AM com.revature.ui.Menu selectionMenu
INFO: User selected to view pending expense reports.
Dec 04, 2025 1:38:50 AM com.revature.service.ManageServiceImpl viewPendingExpenses
INFO: Viewing pending expenses.
Dec 04, 2025 1:38:50 AM com.revature.dao.ExpenseReportDAOImpl getPendingExpenseReports
INFO: Fetching pending expense reports...
Dec 04, 2025 1:39:05 AM com.revature.ui.Menu selectionMenu
INFO: User selected menu option: 2
Dec 04, 2025 1:39:05 AM com.revature.ui.Menu selectionMenu
INFO: User selected to approve/deny pending expenses.
Dec 04, 2025 1:39:05 AM com.revature.service.ManageServiceImpl updateStatus
INFO: updateStatus() called by reviewer_id: 333
Dec 04, 2025 1:39:05 AM com.revature.service.ManageServiceImpl viewPendingExpenses
INFO: Viewing pending expenses.
Dec 04, 2025 1:39:05 AM com.revature.dao.ExpenseReportDAOImpl getPendingExpenseReports
INFO: Fetching pending expense reports...
Dec 04, 2025 11:48:00 AM com.revature.Main main
INFO: Application started.
Dec 04, 2025 11:48:00 AM com.revature.dao.ExpenseReportDAOImpl <clinit>
INFO: Database URL set to: jdbc:sqlite:C:\Users\balex\Desktop\P0\revature_expense.db
Dec 04, 2025 11:48:00 AM com.revature.ui.Menu showMenu
INFO: Showing login menu.
Dec 04, 2025 11:48:03 AM com.revature.ui.Menu showMenu
INFO: Login successful for user: eric
Dec 04, 2025 11:48:03 AM com.revature.ui.Menu showMenu
INFO: Entering selection menu.
Dec 04, 2025 11:48:04 AM com.revature.ui.Menu selectionMenu
INFO: User selected menu option: 1
Dec 04, 2025 11:48:04 AM com.revature.ui.Menu selectionMenu
INFO: User selected to view pending expense reports.
Dec 04, 2025 11:48:04 AM com.revature.service.ManageServiceImpl viewPendingExpenses
INFO: Viewing pending expenses.
Dec 04, 2025 11:48:04 AM com.revature.dao.ExpenseReportDAOImpl getPendingExpenseReports
INFO: Fetching pending expense reports...
Dec 04, 2025 11:55:21 AM com.revature.Main main
INFO: Application started.
Dec 04, 2025 11:55:21 AM com.revature.dao.ExpenseReportDAOImpl <clinit>
INFO: Database URL set to: jdbc:sqlite:C:\Users\balex\Desktop\P0\revature_expense.db
Dec 04, 2025 11:55:21 AM com.revature.ui.Menu showMenu
INFO: Showing login menu.
Dec 04, 2025 11:55:24 AM com.revature.ui.Menu showMenu
INFO: Login successful for user: eric
Dec 04, 2025 11:55:24 AM com.revature.ui.Menu showMenu
INFO: Entering selection menu.
Dec 04, 2025 11:55:24 AM com.revature.ui.Menu selectionMenu
INFO: User selected menu option: 1
Dec 04, 2025 11:55:24 AM com.revature.ui.Menu selectionMenu
INFO: User selected to view pending expense reports.
Dec 04, 2025 11:55:24 AM com.revature.service.ManageServiceImpl viewPendingExpenses
INFO: Viewing pending expenses.
Dec 04, 2025 11:55:24 AM com.revature.dao.ExpenseReportDAOImpl getPendingExpenseReports
INFO: Fetching pending expense reports...
Dec 04, 2025 11:55:38 AM com.revature.ui.Menu selectionMenu
INFO: User selected menu option: 2
Dec 04, 2025 11:55:38 AM com.revature.ui.Menu selectionMenu
INFO: User selected to approve/deny pending expenses.
Dec 04, 2025 11:55:38 AM com.revature.service.ManageServiceImpl updateStatus
INFO: updateStatus() called by reviewer_id: 333
Dec 04, 2025 11:55:38 AM com.revature.service.ManageServiceImpl viewPendingExpenses
INFO: Viewing pending expenses.
Dec 04, 2025 11:55:38 AM com.revature.dao.ExpenseReportDAOImpl getPendingExpenseReports
INFO: Fetching pending expense reports...
Dec 04, 2025 11:56:00 AM com.revature.Main main
INFO: Application started.
Dec 04, 2025 11:56:00 AM com.revature.dao.ExpenseReportDAOImpl <clinit>
INFO: Database URL set to: jdbc:sqlite:C:\Users\balex\Desktop\P0\revature_expense.db
Dec 04, 2025 11:56:00 AM com.revature.ui.Menu showMenu
INFO: Showing login menu.
Dec 04, 2025 11:56:04 AM com.revature.ui.Menu showMenu
INFO: Login successful for user: eric
Dec 04, 2025 11:56:04 AM com.revature.ui.Menu showMenu
INFO: Entering selection menu.
Dec 04, 2025 11:56:09 AM com.revature.ui.Menu selectionMenu
INFO: User selected menu option: 3
Dec 04, 2025 11:56:09 AM com.revature.ui.Menu selectionMenu
INFO: User selected to generate reports by type.
Dec 04, 2025 11:56:09 AM com.revature.service.ManageServiceImpl generateReportsByType
INFO: generateReportsByType() called
Dec 04, 2025 11:56:10 AM com.revature.service.ManageServiceImpl generateReportsByType
INFO: User selected report type option: 1
Dec 04, 2025 11:56:10 AM com.revature.service.ManageServiceImpl getExpenseReportByUsername
INFO: getExpenseReportByUsername() called
Dec 04, 2025 11:56:12 AM com.revature.service.ManageServiceImpl getExpenseReportByUsername
INFO: Username entered: brandon
Dec 04, 2025 11:56:12 AM com.revature.service.ManageServiceImpl getExpenseReportByUsername
INFO: Found 7 reports for username: brandon
Dec 04, 2025 2:34:52 PM com.revature.Main main
INFO: Application started.
Dec 04, 2025 2:34:52 PM com.revature.dao.ExpenseReportDAOImpl <clinit>
INFO: Database URL set to: jdbc:sqlite:C:\Users\balex\Desktop\P0\revature_expense.db
Dec 04, 2025 2:34:52 PM com.revature.ui.Menu showMenu
INFO: Showing login menu.
Dec 04, 2025 2:34:57 PM com.revature.ui.Menu showMenu
INFO: Login successful for user: eric
Dec 04, 2025 2:34:57 PM com.revature.ui.Menu showMenu
INFO: Entering selection menu.
Dec 04, 2025 2:35:00 PM com.revature.ui.Menu selectionMenu
INFO: User selected menu option: 3
Dec 04, 2025 2:35:00 PM com.revature.ui.Menu selectionMenu
INFO: User selected to generate reports by type.
Dec 04, 2025 2:35:00 PM com.revature.service.ManageServiceImpl generateReportsByType
INFO: generateReportsByType() called
Dec 04, 2025 2:35:01 PM com.revature.service.ManageServiceImpl generateReportsByType
INFO: User selected report type option: 1
Dec 04, 2025 2:35:01 PM com.revature.service.ManageServiceImpl getExpenseReportByUsername
INFO: getExpenseReportByUsername() called
Dec 04, 2025 2:35:03 PM com.revature.service.ManageServiceImpl getExpenseReportByUsername
INFO: Username entered: brandon
Dec 04, 2025 2:35:03 PM com.revature.service.ManageServiceImpl getExpenseReportByUsername
INFO: Found 7 reports for username: brandon
Dec 04, 2025 2:35:43 PM com.revature.Main main
INFO: Application started.
Dec 04, 2025 2:35:43 PM com.revature.dao.ExpenseReportDAOImpl <clinit>
INFO: Database URL set to: jdbc:sqlite:C:\Users\balex\Desktop\P0\revature_expense.db
Dec 04, 2025 2:35:43 PM com.revature.ui.Menu showMenu
INFO: Showing login menu.
Dec 04, 2025 2:54:35 PM com.revature.Main main
INFO: Application started.
Dec 04, 2025 2:54:35 PM com.revature.dao.ExpenseReportDAOImpl <clinit>
INFO: Database URL set to: jdbc:sqlite:C:\Users\balex\Desktop\P0\revature_expense.db
Dec 04, 2025 2:54:35 PM com.revature.ui.Menu showMenu
INFO: Showing login menu.
Dec 04, 2025 2:54:41 PM com.revature.ui.Menu showMenu
WARNING: Login failed for username: brandon
Dec 04, 2025 2:54:48 PM com.revature.ui.Menu showMenu
INFO: Login successful for user: eric
Dec 04, 2025 2:54:48 PM com.revature.ui.Menu showMenu
INFO: Entering selection menu.
Dec 04, 2025 2:54:52 PM com.revature.ui.Menu selectionMenu
INFO: User selected menu option: 1
Dec 04, 2025 2:54:52 PM com.revature.ui.Menu selectionMenu
INFO: User selected to view pending expense reports.
Dec 04, 2025 2:54:52 PM com.revature.service.ManageServiceImpl viewPendingExpenses
INFO: Viewing pending expenses.
Dec 04, 2025 2:54:52 PM com.revature.dao.ExpenseReportDAOImpl getPendingExpenseReports
INFO: Fetching pending expense reports...
Dec 04, 2025 2:55:04 PM com.revature.ui.Menu selectionMenu
INFO: User selected menu option: 2
Dec 04, 2025 2:55:04 PM com.revature.ui.Menu selectionMenu
INFO: User selected to approve/deny pending expenses.
Dec 04, 2025 2:55:04 PM com.revature.service.ManageServiceImpl updateStatus
INFO: updateStatus() called by reviewer_id: 333
Dec 04, 2025 2:55:04 PM com.revature.service.ManageServiceImpl viewPendingExpenses
INFO: Viewing pending expenses.
Dec 04, 2025 2:55:04 PM com.revature.dao.ExpenseReportDAOImpl getPendingExpenseReports
INFO: Fetching pending expense reports...
Dec 04, 2025 2:55:19 PM com.revature.service.ManageServiceImpl updateStatus
INFO: User selected expense record ID: 115
Dec 04, 2025 2:55:23 PM com.revature.service.ManageServiceImpl updateStatus
INFO: User selected option: 1
Dec 04, 2025 2:55:23 PM com.revature.service.ManageServiceImpl updateStatus
INFO: Expense record 115 approved by reviewer 333
Dec 04, 2025 2:55:23 PM com.revature.service.ManageServiceImpl updateStatus
INFO: Asking user if want to update comment for expense record 115
Dec 04, 2025 2:55:32 PM com.revature.ui.Menu selectionMenu
INFO: User selected menu option: 3
Dec 04, 2025 2:55:32 PM com.revature.ui.Menu selectionMenu
INFO: User selected to generate reports by type.
Dec 04, 2025 2:55:32 PM com.revature.service.ManageServiceImpl generateReportsByType
INFO: generateReportsByType() called
Dec 04, 2025 2:55:38 PM com.revature.service.ManageServiceImpl generateReportsByType
INFO: User selected report type option: 1
Dec 04, 2025 2:55:38 PM com.revature.service.ManageServiceImpl getExpenseReportByUsername
INFO: getExpenseReportByUsername() called
Dec 04, 2025 2:55:40 PM com.revature.service.ManageServiceImpl getExpenseReportByUsername
INFO: Username entered: brandon
Dec 04, 2025 2:55:40 PM com.revature.service.ManageServiceImpl getExpenseReportByUsername
INFO: Found 8 reports for username: brandon
Dec 04, 2025 2:55:46 PM com.revature.ui.Menu selectionMenu
INFO: User selected menu option: 3
Dec 04, 2025 2:55:46 PM com.revature.ui.Menu selectionMenu
INFO: User selected to generate reports by type.
Dec 04, 2025 2:55:46 PM com.revature.service.ManageServiceImpl generateReportsByType
INFO: generateReportsByType() called
Dec 04, 2025 2:55:48 PM com.revature.service.ManageServiceImpl generateReportsByType
INFO: User selected report type option: 2
Dec 04, 2025 2:55:48 PM com.revature.service.ManageServiceImpl getExpenseReportsByCategory
INFO: getExpenseReportsByCategory() called
Dec 04, 2025 2:55:50 PM com.revature.service.ManageServiceImpl getExpenseReportsByCategory
INFO: Category report option selected: 1
Dec 04, 2025 2:55:50 PM com.revature.service.ManageServiceImpl getExpenseReportsByCategory
INFO: Found 8 approved reports
Dec 04, 2025 2:55:55 PM com.revature.ui.Menu selectionMenu
INFO: User selected menu option: 3
Dec 04, 2025 2:55:55 PM com.revature.ui.Menu selectionMenu
INFO: User selected to generate reports by type.
Dec 04, 2025 2:55:55 PM com.revature.service.ManageServiceImpl generateReportsByType
INFO: generateReportsByType() called
Dec 04, 2025 2:55:57 PM com.revature.service.ManageServiceImpl generateReportsByType
INFO: User selected report type option: 3
Dec 04, 2025 2:55:57 PM com.revature.service.ManageServiceImpl getExpenseReportsByDate
INFO: getExpenseReportsByDate() called
Dec 04, 2025 2:56:08 PM com.revature.service.ManageServiceImpl getExpenseReportsByDate
INFO: Found 15 reports between 2025-01-01 and 2025-12-01
Dec 04, 2025 2:56:36 PM com.revature.ui.Menu selectionMenu
WARNING: Invalid input for menu selection.
