2025-11-18 22:06:15,236 - INFO - Starting the app
2025-11-18 22:06:19,866 - INFO - User 'brandon' logged in successfully
2025-11-18 22:06:19,866 - INFO - User brandon logged in successfully
2025-11-18 22:06:22,065 - INFO - User 'brandon' viewed all expense reports
2025-11-21 19:07:49,799 - INFO - Starting the app
2025-11-21 19:07:52,709 - INFO - User 'brandon' logged in successfully
2025-11-21 19:07:52,709 - INFO - User brandon logged in successfully
2025-11-21 19:07:55,474 - INFO - User 'brandon' viewed processed expense reports
2025-11-21 19:08:13,279 - INFO - Starting the app
2025-11-21 19:08:16,156 - INFO - User 'brandon' logged in successfully
2025-11-21 19:08:16,157 - INFO - User brandon logged in successfully
2025-11-21 19:08:35,900 - INFO - New expense created by user brandon with id 108 amount $22.00
2025-11-21 19:08:41,234 - INFO - User 'brandon' requested to edit an expense report
2025-11-21 19:08:59,477 - WARNING - Edit attempt failed: report ID 0 not found by user 'brandon'
2025-11-21 19:19:08,197 - INFO - Starting the app
2025-11-21 19:19:12,522 - INFO - User 'brandon' logged in successfully
2025-11-21 19:19:12,522 - INFO - User brandon logged in successfully
2025-11-21 19:19:15,720 - INFO - User 'brandon' viewed all expense reports
2025-11-21 19:19:28,539 - INFO - User 'brandon' requested to edit an expense report
2025-11-21 19:19:46,505 - INFO - Starting the app
2025-11-21 19:19:50,571 - INFO - User 'brandon' logged in successfully
2025-11-21 19:19:50,572 - INFO - User brandon logged in successfully
2025-11-21 19:19:53,472 - INFO - User 'brandon' requested to edit an expense report
2025-11-21 19:20:48,623 - INFO - Starting the app
2025-11-21 19:20:51,161 - INFO - User 'brandon' logged in successfully
2025-11-21 19:20:51,161 - INFO - User brandon logged in successfully
2025-11-21 19:20:52,745 - INFO - User 'brandon' requested to edit an expense report
2025-11-21 19:21:06,932 - INFO - Expense report with ID 108 edited by user 'brandon'
2025-11-21 19:21:10,111 - INFO - User 'brandon' viewed all expense reports
2025-11-21 19:22:24,464 - INFO - Starting the app
2025-11-21 19:22:27,946 - INFO - User 'brandon' logged in successfully
2025-11-21 19:22:27,947 - INFO - User brandon logged in successfully
2025-11-21 19:22:46,105 - INFO - New expense created by user brandon with id 109 amount $1.00
2025-11-21 19:22:50,028 - INFO - User brandon requested to delete a report
2025-11-21 19:22:55,404 - INFO - Expense report with ID 108 deleted by user 'brandon'
2025-11-21 19:24:43,459 - INFO - Starting the app
2025-11-21 19:24:46,212 - INFO - User 'brandon' logged in successfully
2025-11-21 19:24:46,213 - INFO - User brandon logged in successfully
2025-11-21 19:24:58,172 - INFO - New expense created by user brandon with id 109 amount $1.00
2025-11-21 19:25:02,631 - INFO - User 'brandon' requested to edit an expense report
2025-11-21 19:25:21,928 - WARNING - Edit attempt failed: report ID 0 not found by user 'brandon'
2025-11-21 19:25:26,588 - INFO - User 'brandon' viewed all expense reports
2025-11-21 19:25:43,292 - INFO - User 'brandon' requested to edit an expense report
2025-11-21 19:30:39,918 - INFO - Starting the app
2025-11-21 19:30:42,062 - INFO - User 'brandon' logged in successfully
2025-11-21 19:30:42,063 - INFO - User brandon logged in successfully
2025-11-21 19:30:48,690 - INFO - User 'brandon' requested to edit an expense report
2025-11-21 19:37:59,804 - INFO - Starting the app
2025-11-21 19:38:04,520 - INFO - User 'brandon' logged in successfully
2025-11-21 19:38:04,521 - INFO - User brandon logged in successfully
2025-11-21 19:38:07,563 - INFO - User 'brandon' requested to edit an expense report
2025-11-21 19:39:32,043 - INFO - Starting the app
2025-11-21 19:39:34,001 - INFO - User 'brandon' logged in successfully
2025-11-21 19:39:34,002 - INFO - User brandon logged in successfully
2025-11-21 19:39:35,858 - INFO - User 'brandon' requested to edit an expense report
2025-11-21 19:39:44,416 - INFO - Starting the app
2025-11-21 19:39:46,404 - INFO - User 'brandon' logged in successfully
2025-11-21 19:39:46,405 - INFO - User brandon logged in successfully
2025-11-21 19:39:47,524 - INFO - User 'brandon' requested to edit an expense report
2025-11-21 19:39:58,302 - INFO - Starting the app
2025-11-21 19:40:01,620 - WARNING - Failed login attempt with username: 2
2025-11-21 19:40:03,155 - WARNING - Failed login attempt with username: brandon
2025-11-21 19:40:06,141 - INFO - User 'brandon' logged in successfully
2025-11-21 19:40:06,142 - INFO - User brandon logged in successfully
2025-11-21 19:40:13,001 - INFO - New expense created by user brandon with id 110 amount $2.00
2025-11-21 19:40:16,752 - INFO - User 'brandon' requested to edit an expense report
2025-11-21 19:41:20,003 - INFO - Starting the app
2025-11-21 19:41:22,296 - INFO - User 'brandon' logged in successfully
2025-11-21 19:41:22,297 - INFO - User brandon logged in successfully
2025-11-21 19:41:23,843 - INFO - User 'brandon' requested to edit an expense report
2025-11-21 19:42:04,739 - INFO - Expense report with ID 110 edited by user 'brandon'
2025-11-21 19:42:07,371 - INFO - User 'brandon' requested to edit an expense report
2025-11-21 19:43:52,432 - INFO - Starting the app
2025-11-21 19:43:55,023 - INFO - User 'brandon' logged in successfully
2025-11-21 19:43:55,023 - INFO - User brandon logged in successfully
2025-11-21 19:44:00,573 - INFO - User 'brandon' requested to edit an expense report
2025-11-21 19:52:48,077 - INFO - Starting the app
2025-11-21 19:52:51,015 - INFO - User 'brandon' logged in successfully
2025-11-21 19:52:51,016 - INFO - User brandon logged in successfully
2025-11-21 19:52:52,490 - INFO - User 'brandon' requested to edit an expense report
2025-11-21 19:55:04,672 - INFO - Starting the app
2025-11-21 19:55:07,327 - INFO - User 'brandon' logged in successfully
2025-11-21 19:55:07,328 - INFO - User brandon logged in successfully
2025-11-21 19:55:08,720 - INFO - User 'brandon' requested to edit an expense report
2025-11-21 19:55:30,749 - INFO - Expense report with ID 110 edited by user 'brandon'
2025-11-21 19:55:35,379 - INFO - User 'brandon' requested to edit an expense report
2025-11-21 20:03:13,442 - INFO - Starting the app
2025-11-21 20:03:16,593 - INFO - User 'brandon' logged in successfully
2025-11-21 20:03:16,593 - INFO - User brandon logged in successfully
2025-11-21 20:03:18,762 - INFO - User 'brandon' requested to edit an expense report
2025-11-21 20:03:49,214 - INFO - Expense report with ID 110 edited by user 'brandon'
2025-11-21 20:03:51,218 - INFO - User 'brandon' requested to edit an expense report
2025-11-21 20:04:13,061 - INFO - Expense report with ID 110 edited by user 'brandon'
2025-11-21 20:04:28,338 - INFO - New expense created by user brandon with id 110 amount $432.00
2025-11-21 20:04:39,329 - INFO - User 'brandon' viewed all expense reports
2025-11-21 20:05:05,375 - INFO - New expense created by user brandon with id 111 amount $43.00
2025-11-21 20:05:10,615 - INFO - User 'brandon' viewed all expense reports
2025-11-21 20:05:18,990 - INFO - New expense created by user brandon with id 112 amount $432.00
2025-11-21 20:05:22,008 - INFO - User 'brandon' viewed all expense reports
2025-11-21 20:10:40,424 - INFO - Starting the app
2025-11-21 20:10:43,313 - INFO - User 'brandon' logged in successfully
2025-11-21 20:10:43,314 - INFO - User brandon logged in successfully
2025-11-21 20:10:53,085 - INFO - User 'brandon' requested to edit an expense report
2025-11-21 20:11:04,475 - INFO - Expense report with ID 112 edited by user 'brandon'
2025-11-21 20:11:17,975 - INFO - New expense created by user brandon with id 100 amount $9.00
2025-11-21 20:11:21,300 - INFO - User 'brandon' requested to edit an expense report
2025-11-21 20:11:52,478 - INFO - Expense report with ID 109 edited by user 'brandon'
2025-11-21 20:11:55,333 - INFO - User 'brandon' viewed all expense reports
2025-11-21 20:12:12,857 - INFO - New expense created by user brandon with id 104 amount $46.00
2025-11-21 20:12:16,449 - INFO - User 'brandon' viewed all expense reports
2025-11-21 20:13:01,159 - INFO - Starting the app
2025-11-21 20:13:03,605 - INFO - User 'brandon' logged in successfully
2025-11-21 20:13:03,606 - INFO - User brandon logged in successfully
2025-11-21 20:13:12,375 - INFO - New expense created by user brandon with id 106 amount $1.00
2025-11-21 20:13:14,286 - INFO - User 'brandon' viewed all expense reports
2025-11-21 20:13:27,549 - INFO - New expense created by user brandon with id 113 amount $4.00
2025-11-21 20:13:29,537 - INFO - User 'brandon' viewed all expense reports
2025-11-21 20:13:42,626 - INFO - New expense created by user brandon with id 114 amount $4.00
2025-11-21 20:13:48,548 - INFO - User 'brandon' viewed all expense reports
2025-11-21 20:14:02,859 - INFO - New expense created by user brandon with id 115 amount $4.00
2025-11-21 20:14:06,352 - INFO - User 'brandon' viewed all expense reports
2025-11-21 20:14:23,401 - INFO - New expense created by user brandon with id 116 amount $4.00
2025-11-21 20:14:28,694 - INFO - User 'brandon' viewed all expense reports
2025-11-22 14:57:18,174 - INFO - Starting the app
2025-11-22 14:57:21,309 - INFO - User 'brandon' logged in successfully
2025-11-22 14:57:21,310 - INFO - User brandon logged in successfully
2025-11-22 14:57:26,018 - INFO - Starting the app
2025-11-22 14:57:27,993 - WARNING - Failed login attempt for username: br
2025-11-22 14:57:27,993 - WARNING - Failed login attempt with username: br
2025-11-22 14:57:30,475 - INFO - User 'brandon' logged in successfully
2025-11-22 14:57:30,476 - INFO - User brandon logged in successfully
2025-11-22 15:13:06,836 - INFO - Starting the app
2025-11-22 15:13:09,767 - INFO - User 'brandon' logged in successfully
2025-11-22 15:13:09,767 - INFO - User brandon logged in successfully
2025-11-22 15:15:26,406 - INFO - Starting the app
2025-11-22 15:15:29,475 - INFO - User 'brandon' logged in successfully
2025-11-22 15:15:29,475 - INFO - User brandon logged in successfully
2025-11-22 15:15:30,569 - INFO - User 'brandon' viewed processed expense reports
2025-11-22 15:15:39,580 - INFO - User 'brandon' viewed all expense reports
2025-11-22 15:24:28,947 - INFO - Starting the app
2025-11-22 15:24:33,008 - INFO - User 'brandon' logged in successfully
2025-11-22 15:24:33,008 - INFO - User brandon logged in successfully
2025-11-22 15:24:45,519 - INFO - New expense created by user brandon with id 100 amount $199.00
2025-11-22 15:24:49,434 - INFO - User 'brandon' viewed processed expense reports
2025-11-22 15:24:52,447 - INFO - User 'brandon' viewed all expense reports
2025-11-22 15:25:18,268 - INFO - New expense created by user brandon with id 102 amount $555.00
2025-11-22 15:28:02,970 - INFO - Starting the app
2025-11-22 15:28:05,319 - INFO - User 'brandon' logged in successfully
2025-11-22 15:28:05,319 - INFO - User brandon logged in successfully
2025-11-22 15:28:13,940 - INFO - New expense created by user brandon with id 104 amount $555.00
2025-11-22 15:28:19,193 - INFO - User 'brandon' viewed all expense reports
2025-11-22 15:36:10,568 - INFO - Starting the app
2025-11-22 15:36:16,511 - INFO - User 'brandon' logged in successfully
2025-11-22 15:36:16,511 - INFO - User brandon logged in successfully
2025-11-22 15:36:18,401 - INFO - User brandon requested to edit a report
2025-11-22 15:36:47,953 - INFO - Expense report ID 118 edited by user brandon
2025-11-22 15:36:56,650 - INFO - User 'brandon' viewed all expense reports
2025-11-22 15:37:12,079 - INFO - User brandon requested to delete a report
2025-11-22 15:37:14,237 - INFO - Expense report ID 118 deleted by user brandon
2025-11-22 15:37:22,542 - INFO - User 'brandon' viewed all expense reports
2025-11-22 15:37:30,379 - INFO - User brandon requested to edit a report
2025-11-22 15:37:41,248 - INFO - Expense report ID 116 edited by user brandon
2025-11-22 15:37:44,587 - INFO - User 'brandon' viewed all expense reports
2025-11-22 22:31:33,590 - INFO - Starting the app
2025-11-22 22:31:36,046 - INFO - User 'brandon' logged in successfully
2025-11-22 22:31:36,046 - INFO - User brandon logged in successfully
2025-11-22 22:31:43,066 - INFO - User 'brandon' viewed processed expense reports
2025-11-22 22:31:50,005 - INFO - User 'brandon' viewed all expense reports
2025-11-22 22:31:57,893 - INFO - User 'brandon' viewed all expense reports
2025-11-22 22:32:05,250 - INFO - User brandon requested to delete a report
2025-11-22 22:35:56,661 - INFO - Starting the app
2025-11-22 22:35:59,322 - INFO - User 'brandon' logged in successfully
2025-11-22 22:35:59,323 - INFO - User brandon logged in successfully
2025-11-22 22:36:01,581 - INFO - User brandon requested to edit a report
2025-11-22 22:36:13,043 - INFO - Expense report ID 116 edited by user brandon
2025-11-22 22:36:16,403 - INFO - User 'brandon' viewed all expense reports
